2019-05-09 17:23:15 INFO  Year:16 - Новый год на Марсе
2019-05-09 17:23:15 INFO  Year:16 - Новый год на Земле
2019-05-09 17:23:15 INFO  Day:20 - Новый день на Земле
2019-05-09 17:23:15 INFO  Year:16 - Новый год на Сатурне
2019-05-09 17:23:15 INFO  Day:20 - Новый день на Меркурии
2019-05-09 17:23:15 INFO  Year:16 - Новый год на Венере
2019-05-09 17:23:15 INFO  Year:16 - Новый год на Меркурии
2019-05-09 17:23:15 INFO  Year:16 - Новый год на Юпитере
2019-05-09 17:23:15 INFO  Day:20 - Новый день на Уране
2019-05-09 17:23:15 INFO  Year:16 - Новый год на Уране
2019-05-09 17:23:15 INFO  Day:20 - Новый день на Марсе
2019-05-09 17:23:15 INFO  Day:20 - Новый день на Венере
2019-05-09 17:23:15 INFO  Day:20 - Новый день на Юпитере
2019-05-09 17:23:15 INFO  Year:16 - Новый год на Нептуне
2019-05-09 17:23:15 INFO  Day:20 - Новый день на Нептуне
2019-05-09 17:23:15 INFO  Day:20 - Новый день на Сатурне
2019-05-09 17:23:16 INFO  Day:20 - Новый день на Юпитере
2019-05-09 17:23:16 INFO  Day:20 - Новый день на Сатурне
2019-05-09 17:23:17 INFO  Day:20 - Новый день на Нептуне
2019-05-09 17:23:17 INFO  Day:20 - Новый день на Уране
2019-05-09 17:23:17 INFO  Day:20 - Новый день на Юпитере
2019-05-09 17:23:17 INFO  Day:20 - Новый день на Сатурне
2019-05-09 17:23:17 INFO  Day:20 - Новый день на Земле
2019-05-09 17:23:17 INFO  Day:20 - Новый день на Марсе
2019-05-09 17:23:18 INFO  Day:20 - Новый день на Юпитере
2019-05-09 17:23:18 INFO  Day:20 - Новый день на Сатурне
2019-05-09 17:23:18 INFO  Day:20 - Новый день на Нептуне
2019-05-09 17:23:19 INFO  Day:20 - Новый день на Уране
2019-05-09 17:23:19 INFO  Day:20 - Новый день на Юпитере
2019-05-09 17:23:19 INFO  Day:20 - Новый день на Сатурне
2019-05-09 17:23:20 INFO  Day:20 - Новый день на Земле
2019-05-09 17:23:20 INFO  Day:20 - Новый день на Марсе
2019-05-09 17:23:20 INFO  Day:20 - Новый день на Юпитере
2019-05-09 17:23:20 INFO  Day:20 - Новый день на Сатурне
2019-05-09 17:23:20 INFO  Day:20 - Новый день на Нептуне
2019-05-09 17:23:21 INFO  Day:20 - Новый день на Уране
2019-05-09 17:23:21 INFO  Day:20 - Новый день на Юпитере
2019-05-09 17:23:21 INFO  Day:20 - Новый день на Сатурне
2019-05-09 17:23:22 INFO  Day:20 - Новый день на Юпитере
2019-05-09 17:23:22 INFO  Day:20 - Новый день на Сатурне
2019-05-09 17:23:22 INFO  Day:20 - Новый день на Земле
2019-05-09 17:23:22 INFO  Day:20 - Новый день на Марсе
2019-05-09 17:23:22 INFO  Day:20 - Новый день на Нептуне
2019-05-09 17:23:22 INFO  Day:20 - Новый день на Уране
2019-05-09 17:23:23 INFO  Day:20 - Новый день на Юпитере
2019-05-09 17:23:23 INFO  Day:20 - Новый день на Сатурне
2019-05-09 17:23:24 INFO  Day:20 - Новый день на Юпитере
2019-05-09 17:23:24 INFO  Day:20 - Новый день на Нептуне
2019-05-09 17:23:24 INFO  Day:20 - Новый день на Сатурне
2019-05-09 17:23:24 INFO  Day:20 - Новый день на Уране
2019-05-09 17:23:24 INFO  Day:20 - Новый день на Земле
2019-05-09 17:23:24 INFO  Day:20 - Новый день на Марсе
2019-05-09 17:23:25 INFO  Planet:24 - Планета перестала вращаться и двишаться вокруг солнца
2019-05-09 17:23:25 INFO  Planet:24 - Планета перестала вращаться и двишаться вокруг солнца
2019-05-09 17:23:25 INFO  Planet:24 - Планета перестала вращаться и двишаться вокруг солнца
2019-05-09 17:23:25 INFO  Planet:24 - Планета перестала вращаться и двишаться вокруг солнца
2019-05-09 17:23:25 INFO  Planet:24 - Планета перестала вращаться и двишаться вокруг солнца
2019-05-09 17:23:25 INFO  Planet:24 - Планета перестала вращаться и двишаться вокруг солнца
2019-05-09 17:23:25 INFO  Planet:24 - Планета перестала вращаться и двишаться вокруг солнца
2019-05-09 17:23:25 INFO  Planet:24 - Планета перестала вращаться и двишаться вокруг солнца
